<?xml version="1.0" encoding="UTF-8"?>
<robot generator="Robot 3.1.1 (Python 3.7.3 on win32)" generated="20190409 14:35:35.115" rpa="false">
<suite id="s1" name="Team2 Robot" source="C:\Users\InternDN19.01.07\Desktop\Intern19_DinhThiAnhThao\Project_Phase1_Researching\project\Team2_Robot">
<suite id="s1-s1" name="Robot Project" source="C:\Users\InternDN19.01.07\Desktop\Intern19_DinhThiAnhThao\Project_Phase1_Researching\project\Team2_Robot\robot_project">
<suite id="s1-s1-s1" name="Src" source="C:\Users\InternDN19.01.07\Desktop\Intern19_DinhThiAnhThao\Project_Phase1_Researching\project\Team2_Robot\robot_project\src">
<suite id="s1-s1-s1-s1" name="Test" source="C:\Users\InternDN19.01.07\Desktop\Intern19_DinhThiAnhThao\Project_Phase1_Researching\project\Team2_Robot\robot_project\src\test">
<suite id="s1-s1-s1-s1-s1" name="Register" source="C:\Users\InternDN19.01.07\Desktop\Intern19_DinhThiAnhThao\Project_Phase1_Researching\project\Team2_Robot\robot_project\src\test\register.robot">
<test id="s1-s1-s1-s1-s1-t1" name="Register successfully">
<kw name="Open PetshopPage">
<kw name="Open Browser" library="Selenium2Library">
<doc>Opens a new browser instance to the given ``url``.</doc>
<arguments>
<arg>${SiteUrl}</arg>
<arg>${Browser}</arg>
</arguments>
<msg timestamp="20190409 14:35:35.303" level="INFO">Opening browser 'Chrome' to base url 'https://webvihoang0706.000webhostapp.com/sehama-website/'.</msg>
<status status="PASS" starttime="20190409 14:35:35.302" endtime="20190409 14:35:47.235"></status>
</kw>
<kw name="Maximize Browser Window" library="Selenium2Library">
<doc>Maximizes current browser window.</doc>
<status status="PASS" starttime="20190409 14:35:47.236" endtime="20190409 14:35:48.357"></status>
</kw>
<status status="PASS" starttime="20190409 14:35:35.302" endtime="20190409 14:35:48.357"></status>
</kw>
<kw name="Go to Register page">
<kw name="Click Element" library="Selenium2Library">
<doc>Click element identified by ``locator``.</doc>
<arguments>
<arg>xpath=//div[@class='account']/a[@href=" https://webvihoang0706.000webhostapp.com/sehama-website/register"]</arg>
</arguments>
<msg timestamp="20190409 14:35:48.358" level="INFO">Clicking element 'xpath=//div[@class='account']/a[@href=" https://webvihoang0706.000webhostapp.com/sehama-website/register"]'.</msg>
<status status="PASS" starttime="20190409 14:35:48.358" endtime="20190409 14:35:51.197"></status>
</kw>
<status status="PASS" starttime="20190409 14:35:48.357" endtime="20190409 14:35:51.197"></status>
</kw>
<kw name="Enter Fullname">
<kw name="Input Text" library="Selenium2Library">
<doc>Types the given ``text`` into text field identified by ``locator``.</doc>
<arguments>
<arg>id=fullname_input</arg>
<arg>Generate Random String</arg>
<arg>10</arg>
<arg>[LETTERS]</arg>
</arguments>
<msg timestamp="20190409 14:35:51.199" level="FAIL">Keyword 'Selenium2Library.Input Text' expected 2 arguments, got 4.</msg>
<status status="FAIL" starttime="20190409 14:35:51.198" endtime="20190409 14:35:51.199"></status>
</kw>
<status status="FAIL" starttime="20190409 14:35:51.198" endtime="20190409 14:35:51.199"></status>
</kw>
<status status="FAIL" starttime="20190409 14:35:35.301" endtime="20190409 14:35:51.199" critical="yes">Keyword 'Selenium2Library.Input Text' expected 2 arguments, got 4.</status>
</test>
<status status="FAIL" starttime="20190409 14:35:35.166" endtime="20190409 14:35:51.200"></status>
</suite>
<status status="FAIL" starttime="20190409 14:35:35.165" endtime="20190409 14:35:51.203"></status>
</suite>
<status status="FAIL" starttime="20190409 14:35:35.162" endtime="20190409 14:35:51.204"></status>
</suite>
<status status="FAIL" starttime="20190409 14:35:35.161" endtime="20190409 14:35:51.206"></status>
</suite>
<status status="FAIL" starttime="20190409 14:35:35.143" endtime="20190409 14:35:51.208"></status>
</suite>
<statistics>
<total>
<stat pass="0" fail="1">Critical Tests</stat>
<stat pass="0" fail="1">All Tests</stat>
</total>
<tag>
</tag>
<suite>
<stat pass="0" fail="1" id="s1" name="Team2 Robot">Team2 Robot</stat>
<stat pass="0" fail="1" id="s1-s1" name="Robot Project">Team2 Robot.Robot Project</stat>
<stat pass="0" fail="1" id="s1-s1-s1" name="Src">Team2 Robot.Robot Project.Src</stat>
<stat pass="0" fail="1" id="s1-s1-s1-s1" name="Test">Team2 Robot.Robot Project.Src.Test</stat>
<stat pass="0" fail="1" id="s1-s1-s1-s1-s1" name="Register">Team2 Robot.Robot Project.Src.Test.Register</stat>
</suite>
</statistics>
<errors>
</errors>
</robot>
