<?xml version="1.0" encoding="UTF-8"?>
<robot generator="Robot 3.1.1 (Python 3.7.3 on win32)" generated="20190409 14:38:22.680" rpa="false">
<suite id="s1" name="Team2 Robot" source="C:\Users\InternDN19.01.08\Team2_Robot\Team2_Robot">
<suite id="s1-s1" name="Src" source="C:\Users\InternDN19.01.08\Team2_Robot\Team2_Robot\src">
<suite id="s1-s1-s1" name="Test" source="C:\Users\InternDN19.01.08\Team2_Robot\Team2_Robot\src\test">
<suite id="s1-s1-s1-s1" name="Java" source="C:\Users\InternDN19.01.08\Team2_Robot\Team2_Robot\src\test\java">
<suite id="s1-s1-s1-s1-s1" name="InputData" source="C:\Users\InternDN19.01.08\Team2_Robot\Team2_Robot\src\test\java\InputData.robot">
<test id="s1-s1-s1-s1-s1-t1" name="login">
<kw name="Open Browser" library="SeleniumLibrary">
<doc>Opens a new browser instance to the given ``url``.</doc>
<arguments>
<arg>http://demo.guru99.com/insurance/v1/index.php</arg>
<arg>chrome</arg>
</arguments>
<msg timestamp="20190409 14:38:23.194" level="INFO">Opening browser 'chrome' to base url 'http://demo.guru99.com/insurance/v1/index.php'.</msg>
<status status="PASS" starttime="20190409 14:38:23.193" endtime="20190409 14:38:36.771"></status>
</kw>
<kw name="Maximize Browser Window" library="SeleniumLibrary">
<doc>Maximizes current browser window.</doc>
<status status="PASS" starttime="20190409 14:38:36.771" endtime="20190409 14:38:37.912"></status>
</kw>
<kw name="Open Excel">
<arguments>
<arg>data.xlsx</arg>
</arguments>
<msg timestamp="20190409 14:38:37.916" level="FAIL">No keyword with name 'Open Excel' found.</msg>
<status status="FAIL" starttime="20190409 14:38:37.916" endtime="20190409 14:38:37.916"></status>
</kw>
<status status="FAIL" starttime="20190409 14:38:23.192" endtime="20190409 14:38:37.916" critical="yes">No keyword with name 'Open Excel' found.</status>
</test>
<status status="FAIL" starttime="20190409 14:38:22.733" endtime="20190409 14:38:37.917"></status>
</suite>
<status status="FAIL" starttime="20190409 14:38:22.732" endtime="20190409 14:38:37.919"></status>
</suite>
<status status="FAIL" starttime="20190409 14:38:22.730" endtime="20190409 14:38:37.920"></status>
</suite>
<status status="FAIL" starttime="20190409 14:38:22.728" endtime="20190409 14:38:37.923"></status>
</suite>
<status status="FAIL" starttime="20190409 14:38:22.707" endtime="20190409 14:38:37.925"></status>
</suite>
<statistics>
<total>
<stat pass="0" fail="1">Critical Tests</stat>
<stat pass="0" fail="1">All Tests</stat>
</total>
<tag>
</tag>
<suite>
<stat pass="0" fail="1" id="s1" name="Team2 Robot">Team2 Robot</stat>
<stat pass="0" fail="1" id="s1-s1" name="Src">Team2 Robot.Src</stat>
<stat pass="0" fail="1" id="s1-s1-s1" name="Test">Team2 Robot.Src.Test</stat>
<stat pass="0" fail="1" id="s1-s1-s1-s1" name="Java">Team2 Robot.Src.Test.Java</stat>
<stat pass="0" fail="1" id="s1-s1-s1-s1-s1" name="InputData">Team2 Robot.Src.Test.Java.InputData</stat>
</suite>
</statistics>
<errors>
</errors>
</robot>
