<?xml version="1.0" encoding="UTF-8"?>
<robot generator="Robot 3.1.1 (Python 3.7.3 on win32)" generated="20190409 12:54:54.932" rpa="false">
<suite id="s1" name="Robot Project" source="C:\Team2_Robot\robot_project">
<suite id="s1-s1" name="Src" source="C:\Team2_Robot\robot_project\src">
<suite id="s1-s1-s1" name="Test" source="C:\Team2_Robot\robot_project\src\test">
<suite id="s1-s1-s1-s1" name="Booking" source="C:\Team2_Robot\robot_project\src\test\booking.robot">
<test id="s1-s1-s1-s1-t1" name="User can oder a product successfully">
<kw name="Setup" library="Setup" type="setup">
<kw name="Normalize Path" library="OperatingSystem">
<doc>Normalizes the given path.</doc>
<arguments>
<arg>~/AppData/Local/Programs/Python/Python37/chromedriver.exe</arg>
</arguments>
<assign>
<var>${PATH}</var>
</assign>
<msg timestamp="20190409 12:54:55.121" level="INFO">${PATH} = C:\Users\InternDN19.01.03\AppData\Local\Programs\Python\Python37\chromedriver.exe</msg>
<status status="PASS" starttime="20190409 12:54:55.121" endtime="20190409 12:54:55.122"></status>
</kw>
<kw name="Log To Console" library="BuiltIn">
<doc>Logs the given message to the console.</doc>
<arguments>
<arg>${PATH}</arg>
</arguments>
<status status="PASS" starttime="20190409 12:54:55.122" endtime="20190409 12:54:55.122"></status>
</kw>
<kw name="Append To Environment Variable" library="OperatingSystem">
<doc>Appends given ``values`` to environment variable ``name``.</doc>
<arguments>
<arg>${PATH}</arg>
<arg>${PATH}</arg>
</arguments>
<msg timestamp="20190409 12:54:55.123" level="INFO">Environment variable 'C:\Users\InternDN19.01.03\AppData\Local\Programs\Python\Python37\chromedriver.exe' set to value 'C:\Users\InternDN19.01.03\AppData\Local\Programs\Python\Python37\chromedriver.exe'.</msg>
<status status="PASS" starttime="20190409 12:54:55.122" endtime="20190409 12:54:55.123"></status>
</kw>
<kw name="Open Browser" library="Selenium2Library">
<doc>Opens a new browser instance to the given ``url``.</doc>
<arguments>
<arg>${ROOT}</arg>
<arg>${BROWSER}</arg>
</arguments>
<msg timestamp="20190409 12:54:55.123" level="INFO">Opening browser 'Chrome' to base url 'https://petshop.vn/'.</msg>
<status status="PASS" starttime="20190409 12:54:55.123" endtime="20190409 12:55:01.802"></status>
</kw>
<status status="PASS" starttime="20190409 12:54:55.120" endtime="20190409 12:55:01.803"></status>
</kw>
<kw name="Go to Product page" library="ProductPage">
<kw name="Log To Console" library="BuiltIn">
<doc>Logs the given message to the console.</doc>
<arguments>
<arg>Go to Product page</arg>
</arguments>
<status status="PASS" starttime="20190409 12:55:01.804" endtime="20190409 12:55:01.805"></status>
</kw>
<kw name="Click Element" library="Selenium2Library">
<doc>Click element identified by ``locator``.</doc>
<arguments>
<arg>xpath=//*[@id="nav"]/li[2]/a/span</arg>
</arguments>
<msg timestamp="20190409 12:55:01.805" level="INFO">Clicking element 'xpath=//*[@id="nav"]/li[2]/a/span'.</msg>
<status status="PASS" starttime="20190409 12:55:01.805" endtime="20190409 12:55:03.304"></status>
</kw>
<status status="PASS" starttime="20190409 12:55:01.803" endtime="20190409 12:55:03.304"></status>
</kw>
<kw name="Choose Product" library="ProductPage">
<kw name="Log To Console" library="BuiltIn">
<doc>Logs the given message to the console.</doc>
<arguments>
<arg>Choose Product</arg>
</arguments>
<status status="PASS" starttime="20190409 12:55:03.305" endtime="20190409 12:55:03.305"></status>
</kw>
<kw name="Click Element" library="Selenium2Library">
<doc>Click element identified by ``locator``.</doc>
<arguments>
<arg>xpath=//*[@id="page"]/section/div/div/section/div[2]/ul/li[2]/div/div[1]/div[1]/a/figure/img[2]</arg>
</arguments>
<msg timestamp="20190409 12:55:03.306" level="INFO">Clicking element 'xpath=//*[@id="page"]/section/div/div/section/div[2]/ul/li[2]/div/div[1]/div[1]/a/figure/img[2]'.</msg>
<status status="PASS" starttime="20190409 12:55:03.305" endtime="20190409 12:55:05.312"></status>
</kw>
<status status="PASS" starttime="20190409 12:55:03.304" endtime="20190409 12:55:05.312"></status>
</kw>
<kw name="Add Product To Cart" library="ProductPage">
<kw name="Log To Console" library="BuiltIn">
<doc>Logs the given message to the console.</doc>
<arguments>
<arg>Add Product To Cart</arg>
</arguments>
<status status="PASS" starttime="20190409 12:55:05.313" endtime="20190409 12:55:05.314"></status>
</kw>
<kw name="Click Element" library="Selenium2Library">
<doc>Click element identified by ``locator``.</doc>
<arguments>
<arg>xpath=//*[@id="add-to-cart-form"]/div[3]/div[4]/div[2]/button/span</arg>
</arguments>
<msg timestamp="20190409 12:55:05.315" level="INFO">Clicking element 'xpath=//*[@id="add-to-cart-form"]/div[3]/div[4]/div[2]/button/span'.</msg>
<status status="PASS" starttime="20190409 12:55:05.315" endtime="20190409 12:55:05.616"></status>
</kw>
<kw name="Wait Until Page Contains Element" library="Selenium2Library">
<doc>Waits until element ``locator`` appears on current page.</doc>
<arguments>
<arg>xpath=//*[@class="jGrowl-message"]</arg>
</arguments>
<status status="PASS" starttime="20190409 12:55:05.616" endtime="20190409 12:55:06.109"></status>
</kw>
<kw name="Click Element" library="Selenium2Library">
<doc>Click element identified by ``locator``.</doc>
<arguments>
<arg>xpath=//*[@class="jGrowl-close"]</arg>
</arguments>
<msg timestamp="20190409 12:55:06.109" level="INFO">Clicking element 'xpath=//*[@class="jGrowl-close"]'.</msg>
<status status="PASS" starttime="20190409 12:55:06.109" endtime="20190409 12:55:06.158"></status>
</kw>
<status status="PASS" starttime="20190409 12:55:05.312" endtime="20190409 12:55:06.159"></status>
</kw>
<kw name="View Cart" library="ProductPage">
<kw name="Log To Console" library="BuiltIn">
<doc>Logs the given message to the console.</doc>
<arguments>
<arg>Proceed To Check Out</arg>
</arguments>
<status status="PASS" starttime="20190409 12:55:06.159" endtime="20190409 12:55:06.160"></status>
</kw>
<kw name="Mouse Over" library="Selenium2Library">
<doc>Simulates hovering mouse over the element ``locator``.</doc>
<arguments>
<arg>id=cart-total</arg>
</arguments>
<msg timestamp="20190409 12:55:06.160" level="INFO">Simulating Mouse Over on element 'id=cart-total'.</msg>
<status status="PASS" starttime="20190409 12:55:06.160" endtime="20190409 12:55:06.195"></status>
</kw>
<kw name="Wait Until Element Is Visible" library="Selenium2Library">
<doc>Waits until element ``locator`` is visible.</doc>
<arguments>
<arg>xpath=//*[@class=" view-cart"]</arg>
</arguments>
<status status="PASS" starttime="20190409 12:55:06.196" endtime="20190409 12:55:07.103"></status>
</kw>
<kw name="Click Element" library="Selenium2Library">
<doc>Click element identified by ``locator``.</doc>
<arguments>
<arg>xpath=//*[@class=" view-cart"]</arg>
</arguments>
<msg timestamp="20190409 12:55:07.104" level="INFO">Clicking element 'xpath=//*[@class=" view-cart"]'.</msg>
<status status="PASS" starttime="20190409 12:55:07.104" endtime="20190409 12:55:08.424"></status>
</kw>
<kw name="Wait Until Page Contains Element" library="Selenium2Library">
<doc>Waits until element ``locator`` appears on current page.</doc>
<arguments>
<arg>xpath=//*[@class="button btn-proceed-checkout"]</arg>
</arguments>
<status status="PASS" starttime="20190409 12:55:08.424" endtime="20190409 12:55:08.438"></status>
</kw>
<kw name="Location Should Be" library="Selenium2Library">
<doc>Verifies that current URL is exactly ``url``.</doc>
<arguments>
<arg>${ROOT}cart</arg>
</arguments>
<msg timestamp="20190409 12:55:08.443" level="INFO">Current location is 'https://petshop.vn/cart'.</msg>
<status status="PASS" starttime="20190409 12:55:08.439" endtime="20190409 12:55:08.444"></status>
</kw>
<status status="PASS" starttime="20190409 12:55:06.159" endtime="20190409 12:55:08.444"></status>
</kw>
<kw name="Proceed To Check Out" library="ProductPage">
<kw name="Click Element" library="Selenium2Library">
<doc>Click element identified by ``locator``.</doc>
<arguments>
<arg>xpath=//*[@class="button btn-proceed-checkout"]</arg>
</arguments>
<msg timestamp="20190409 12:55:08.446" level="INFO">Clicking element 'xpath=//*[@class="button btn-proceed-checkout"]'.</msg>
<status status="PASS" starttime="20190409 12:55:08.445" endtime="20190409 12:55:09.572"></status>
</kw>
<kw name="Wait Until Page Contains Element" library="Selenium2Library">
<doc>Waits until element ``locator`` appears on current page.</doc>
<arguments>
<arg>xpath=//*[@class="btn btn-primary btn-checkout"]</arg>
</arguments>
<status status="PASS" starttime="20190409 12:55:09.573" endtime="20190409 12:55:09.585"></status>
</kw>
<kw name="Location Should Contain" library="Selenium2Library">
<doc>Verifies that current URL contains ``expected``.</doc>
<arguments>
<arg>${ROOT}checkout</arg>
</arguments>
<msg timestamp="20190409 12:55:09.589" level="INFO">Current location contains 'https://petshop.vn/checkout'.</msg>
<status status="PASS" starttime="20190409 12:55:09.585" endtime="20190409 12:55:09.589"></status>
</kw>
<status status="PASS" starttime="20190409 12:55:08.444" endtime="20190409 12:55:09.589"></status>
</kw>
<kw name="Fill out billing information" library="CheckoutPage">
<kw name="Input Text" library="Selenium2Library">
<doc>Types the given ``text`` into text field identified by ``locator``.</doc>
<arguments>
<arg>${Billing Email Field}</arg>
<arg>${Billing Email Value}</arg>
</arguments>
<msg timestamp="20190409 12:55:09.590" level="INFO">Typing text 'abc@domain.com' into text field 'name=Email'.</msg>
<status status="PASS" starttime="20190409 12:55:09.590" endtime="20190409 12:55:09.734"></status>
</kw>
<kw name="Input Text" library="Selenium2Library">
<doc>Types the given ``text`` into text field identified by ``locator``.</doc>
<arguments>
<arg>${Billing Name Field}</arg>
<arg>${Billing Name Value}</arg>
</arguments>
<msg timestamp="20190409 12:55:09.735" level="INFO">Typing text 'dao' into text field 'name=BillingAddress.LastName'.</msg>
<status status="PASS" starttime="20190409 12:55:09.734" endtime="20190409 12:55:09.808"></status>
</kw>
<kw name="Input Text" library="Selenium2Library">
<doc>Types the given ``text`` into text field identified by ``locator``.</doc>
<arguments>
<arg>${Billing Phone Field}</arg>
<arg>${Billing Phone Value}</arg>
</arguments>
<msg timestamp="20190409 12:55:09.808" level="INFO">Typing text '0977755566' into text field 'name=BillingAddress.Phone'.</msg>
<status status="PASS" starttime="20190409 12:55:09.808" endtime="20190409 12:55:09.928"></status>
</kw>
<kw name="Input Text" library="Selenium2Library">
<doc>Types the given ``text`` into text field identified by ``locator``.</doc>
<arguments>
<arg>${Billing Address Field}</arg>
<arg>${Billing Address Value}</arg>
</arguments>
<msg timestamp="20190409 12:55:09.931" level="INFO">Typing text 'address' into text field 'name=BillingAddress.Address1'.</msg>
<status status="PASS" starttime="20190409 12:55:09.929" endtime="20190409 12:55:10.040"></status>
</kw>
<kw name="Click Element" library="Selenium2Library">
<doc>Click element identified by ``locator``.</doc>
<arguments>
<arg>xpath=//div[2]/div[2]/div/div[1]/div[1]/div[2]/div[2]/div/div[4]/div[1]/span/span[1]/span</arg>
</arguments>
<msg timestamp="20190409 12:55:10.041" level="INFO">Clicking element 'xpath=//div[2]/div[2]/div/div[1]/div[1]/div[2]/div[2]/div/div[4]/div[1]/span/span[1]/span'.</msg>
<status status="PASS" starttime="20190409 12:55:10.041" endtime="20190409 12:55:10.109"></status>
</kw>
<kw name="Click Element" library="Selenium2Library">
<doc>Click element identified by ``locator``.</doc>
<arguments>
<arg>xpath=//*[@id="select2-billingProvince-results"]/li[contains(text(),"${billingcity_value}")]</arg>
</arguments>
<msg timestamp="20190409 12:55:10.110" level="INFO">Clicking element 'xpath=//*[@id="select2-billingProvince-results"]/li[contains(text(),"Hà Nội")]'.</msg>
<status status="PASS" starttime="20190409 12:55:10.110" endtime="20190409 12:55:10.171"></status>
</kw>
<kw name="Click Element" library="Selenium2Library">
<doc>Click element identified by ``locator``.</doc>
<arguments>
<arg>xpath=//div[2]/div[2]/div/div[1]/div[1]/div[2]/div[2]/div/div[5]/div[1]/span/span[1]/span</arg>
</arguments>
<msg timestamp="20190409 12:55:10.172" level="INFO">Clicking element 'xpath=//div[2]/div[2]/div/div[1]/div[1]/div[2]/div[2]/div/div[5]/div[1]/span/span[1]/span'.</msg>
<status status="PASS" starttime="20190409 12:55:10.172" endtime="20190409 12:55:10.236"></status>
</kw>
<kw name="Input Text" library="Selenium2Library">
<doc>Types the given ``text`` into text field identified by ``locator``.</doc>
<arguments>
<arg>xpath=//div[2]/div[2]/span/span/span[1]/input</arg>
<arg>${billingdictrict_value}</arg>
</arguments>
<msg timestamp="20190409 12:55:10.237" level="INFO">Typing text 'Quận Ba Đình' into text field 'xpath=//div[2]/div[2]/span/span/span[1]/input'.</msg>
<status status="PASS" starttime="20190409 12:55:10.237" endtime="20190409 12:55:10.421"></status>
</kw>
<kw name="Click Element" library="Selenium2Library">
<doc>Click element identified by ``locator``.</doc>
<arguments>
<arg>xpath=//*[@id="select2-billingDistrict-results"]/li[contains(text(),"${billingdictrict_value}")]</arg>
</arguments>
<msg timestamp="20190409 12:55:10.421" level="INFO">Clicking element 'xpath=//*[@id="select2-billingDistrict-results"]/li[contains(text(),"Quận Ba Đình")]'.</msg>
<status status="PASS" starttime="20190409 12:55:10.421" endtime="20190409 12:55:10.492"></status>
</kw>
<kw name="Input Text" library="Selenium2Library">
<doc>Types the given ``text`` into text field identified by ``locator``.</doc>
<arguments>
<arg>${billingnote_textfield}</arg>
<arg>${billingnote_value}</arg>
</arguments>
<msg timestamp="20190409 12:55:10.493" level="INFO">Typing text 'test' into text field 'xpath=/html/body/form/div/div[2]/div[2]/div/div[1]/div[4]/div/div/textarea'.</msg>
<status status="PASS" starttime="20190409 12:55:10.493" endtime="20190409 12:55:10.569"></status>
</kw>
<status status="PASS" starttime="20190409 12:55:09.589" endtime="20190409 12:55:10.569"></status>
</kw>
<kw name="Checkout" library="CheckoutPage">
<kw name="Wait Until Element Is Visible" library="Selenium2Library">
<doc>Waits until element ``locator`` is visible.</doc>
<arguments>
<arg>${Checkout Button}</arg>
</arguments>
<kw name="Capture Page Screenshot" library="Selenium2Library">
<doc>Takes screenshot of the current page and embeds it into log file.</doc>
<msg timestamp="20190409 12:55:15.992" level="INFO" html="yes">&lt;/td&gt;&lt;/tr&gt;&lt;tr&gt;&lt;td colspan="3"&gt;&lt;a href="selenium-screenshot-17.png"&gt;&lt;img src="selenium-screenshot-17.png" width="800px"&gt;&lt;/a&gt;</msg>
<status status="PASS" starttime="20190409 12:55:15.728" endtime="20190409 12:55:15.992"></status>
</kw>
<msg timestamp="20190409 12:55:15.993" level="FAIL">Element '//div[2]/div[2]/div/div[2]/div[3]/div[1]/input' not visible after 5 seconds.</msg>
<status status="FAIL" starttime="20190409 12:55:10.570" endtime="20190409 12:55:15.994"></status>
</kw>
<status status="FAIL" starttime="20190409 12:55:10.569" endtime="20190409 12:55:15.994"></status>
</kw>
<status status="FAIL" starttime="20190409 12:54:55.120" endtime="20190409 12:55:15.994" critical="yes">Element '//div[2]/div[2]/div/div[2]/div[3]/div[1]/input' not visible after 5 seconds.</status>
</test>
<status status="FAIL" starttime="20190409 12:54:54.985" endtime="20190409 12:55:15.995"></status>
</suite>
<status status="FAIL" starttime="20190409 12:54:54.983" endtime="20190409 12:55:15.996"></status>
</suite>
<status status="FAIL" starttime="20190409 12:54:54.981" endtime="20190409 12:55:15.998"></status>
</suite>
<status status="FAIL" starttime="20190409 12:54:54.961" endtime="20190409 12:55:15.999"></status>
</suite>
<statistics>
<total>
<stat pass="0" fail="1">Critical Tests</stat>
<stat pass="0" fail="1">All Tests</stat>
</total>
<tag>
</tag>
<suite>
<stat pass="0" fail="1" id="s1" name="Robot Project">Robot Project</stat>
<stat pass="0" fail="1" id="s1-s1" name="Src">Robot Project.Src</stat>
<stat pass="0" fail="1" id="s1-s1-s1" name="Test">Robot Project.Src.Test</stat>
<stat pass="0" fail="1" id="s1-s1-s1-s1" name="Booking">Robot Project.Src.Test.Booking</stat>
</suite>
</statistics>
<errors>
</errors>
</robot>
