<?xml version="1.0" encoding="UTF-8"?>
<robot generator="Robot 3.1.1 (Python 3.7.3 on win32)" generated="20190409 13:12:29.511" rpa="false">
<suite id="s1" name="Robot Project" source="C:\Users\InternDN19.01.07\Desktop\Intern19_DinhThiAnhThao\Project_Phase1_Researching\project\Team2_Robot\robot_project">
<suite id="s1-s1" name="Src" source="C:\Users\InternDN19.01.07\Desktop\Intern19_DinhThiAnhThao\Project_Phase1_Researching\project\Team2_Robot\robot_project\src">
<suite id="s1-s1-s1" name="Test" source="C:\Users\InternDN19.01.07\Desktop\Intern19_DinhThiAnhThao\Project_Phase1_Researching\project\Team2_Robot\robot_project\src\test">
<suite id="s1-s1-s1-s1" name="Register" source="C:\Users\InternDN19.01.07\Desktop\Intern19_DinhThiAnhThao\Project_Phase1_Researching\project\Team2_Robot\robot_project\src\test\register.robot">
<test id="s1-s1-s1-s1-t1" name="Register successfully">
<kw name="Open PetshopPage">
<kw name="Open Browser" library="Selenium2Library">
<doc>Opens a new browser instance to the given ``url``.</doc>
<arguments>
<arg>${SiteUrl}</arg>
<arg>${Browser}</arg>
</arguments>
<msg timestamp="20190409 13:12:29.718" level="INFO">Opening browser 'Chrome' to base url 'https://webvihoang0706.000webhostapp.com/sehama-website/'.</msg>
<status status="PASS" starttime="20190409 13:12:29.718" endtime="20190409 13:12:41.611"></status>
</kw>
<kw name="Maximize Browser Window" library="Selenium2Library">
<doc>Maximizes current browser window.</doc>
<status status="PASS" starttime="20190409 13:12:41.612" endtime="20190409 13:12:42.734"></status>
</kw>
<status status="PASS" starttime="20190409 13:12:29.718" endtime="20190409 13:12:42.734"></status>
</kw>
<kw name="Go to Account page">
<msg timestamp="20190409 13:12:42.739" level="FAIL">No keyword with name 'Go to Account page' found.</msg>
<status status="FAIL" starttime="20190409 13:12:42.738" endtime="20190409 13:12:42.739"></status>
</kw>
<status status="FAIL" starttime="20190409 13:12:29.717" endtime="20190409 13:12:42.741" critical="yes">No keyword with name 'Go to Account page' found.</status>
</test>
<status status="FAIL" starttime="20190409 13:12:29.561" endtime="20190409 13:12:42.743"></status>
</suite>
<status status="FAIL" starttime="20190409 13:12:29.560" endtime="20190409 13:12:42.744"></status>
</suite>
<status status="FAIL" starttime="20190409 13:12:29.558" endtime="20190409 13:12:42.745"></status>
</suite>
<status status="FAIL" starttime="20190409 13:12:29.539" endtime="20190409 13:12:42.746"></status>
</suite>
<statistics>
<total>
<stat pass="0" fail="1">Critical Tests</stat>
<stat pass="0" fail="1">All Tests</stat>
</total>
<tag>
</tag>
<suite>
<stat pass="0" fail="1" id="s1" name="Robot Project">Robot Project</stat>
<stat pass="0" fail="1" id="s1-s1" name="Src">Robot Project.Src</stat>
<stat pass="0" fail="1" id="s1-s1-s1" name="Test">Robot Project.Src.Test</stat>
<stat pass="0" fail="1" id="s1-s1-s1-s1" name="Register">Robot Project.Src.Test.Register</stat>
</suite>
</statistics>
<errors>
<msg timestamp="20190409 13:12:29.715" level="ERROR">Error in file 'C:\Users\InternDN19.01.07\Desktop\Intern19_DinhThiAnhThao\Project_Phase1_Researching\project\Team2_Robot\robot_project\src\test\register.robot': Resource file '..\Recourse\setup' does not exist.</msg>
<msg timestamp="20190409 13:12:29.716" level="ERROR">Error in file 'C:\Users\InternDN19.01.07\Desktop\Intern19_DinhThiAnhThao\Project_Phase1_Researching\project\Team2_Robot\robot_project\src\test\register.robot': Setting variable '${WelcomeText}' failed: Variable '${Lastname}' not found.</msg>
</errors>
</robot>
